cpu-bind=MASK - kisexe25, task  0  0 [14001]: mask 0xf001e set
INFO:hpbandster:DISPATCHER: started the 'discover_worker' thread
INFO:hpbandster:DISPATCHER: started the 'job_runner' thread
INFO:hpbandster:DISPATCHER: Pyro daemon running on 10.5.166.135:42723
INFO:hpbandster:DISPATCHER: A new worker triggered discover_worker
INFO:hpbandster:DISPATCHER: A new worker triggered discover_worker
INFO:hpbandster:DISPATCHER: A new worker triggered discover_worker
INFO:hpbandster:DISPATCHER: A new worker triggered discover_worker
INFO:hpbandster:DISPATCHER: A new worker triggered discover_worker
INFO:hpbandster:DISPATCHER: A new worker triggered discover_worker
INFO:hpbandster:DISPATCHER: A new worker triggered discover_worker
INFO:hpbandster:DISPATCHER: A new worker triggered discover_worker
INFO:hpbandster:DISPATCHER: A new worker triggered discover_worker
INFO:hpbandster:DISPATCHER: A new worker triggered discover_worker
INFO:hpbandster:DISPATCHER: A new worker triggered discover_worker
INFO:hpbandster:DISPATCHER: A new worker triggered discover_worker
INFO:hpbandster:DISPATCHER: A new worker triggered discover_worker
INFO:hpbandster:DISPATCHER: A new worker triggered discover_worker
INFO:hpbandster:DISPATCHER: A new worker triggered discover_worker
INFO:hpbandster:DISPATCHER: A new worker triggered discover_worker
INFO:hpbandster:DISPATCHER: A new worker triggered discover_worker
INFO:hpbandster:DISPATCHER: A new worker triggered discover_worker
INFO:hpbandster:DISPATCHER: A new worker triggered discover_worker
INFO:hpbandster:DISPATCHER: A new worker triggered discover_worker
INFO:hpbandster:DISPATCHER: A new worker triggered discover_worker
INFO:hpbandster:DISPATCHER: A new worker triggered discover_worker
INFO:hpbandster:DISPATCHER: discovered new worker, hpbandster.run_debug_test.worker.kisexe25.14059
INFO:hpbandster:DISPATCHER: A new worker triggered discover_worker
INFO:hpbandster:DISPATCHER: A new worker triggered discover_worker
INFO:hpbandster:DISPATCHER: A new worker triggered discover_worker
INFO:hpbandster:HBMASTER: adjusted queue size to (0, 1)
INFO:hpbandster:DISPATCHER: A new worker triggered discover_worker
INFO:hpbandster:DISPATCHER: discovered new worker, hpbandster.run_debug_test.worker.kisexe25.14060
INFO:hpbandster:DISPATCHER: discovered new worker, hpbandster.run_debug_test.worker.kisexe18.36659
INFO:hpbandster:DISPATCHER: discovered new worker, hpbandster.run_debug_test.worker.kisexe19.34083
INFO:hpbandster:DISPATCHER: discovered new worker, hpbandster.run_debug_test.worker.kisexe18.36660
INFO:hpbandster:DISPATCHER: discovered new worker, hpbandster.run_debug_test.worker.kisexe22.6579
INFO:hpbandster:DISPATCHER: discovered new worker, hpbandster.run_debug_test.worker.kisexe18.36658
INFO:hpbandster:DISPATCHER: discovered new worker, hpbandster.run_debug_test.worker.kisexe22.6580
INFO:hpbandster:DISPATCHER: discovered new worker, hpbandster.run_debug_test.worker.kisexe21.6622
INFO:hpbandster:DISPATCHER: discovered new worker, hpbandster.run_debug_test.worker.kisexe22.6582
INFO:hpbandster:DISPATCHER: discovered new worker, hpbandster.run_debug_test.worker.kisexe19.34081
INFO:hpbandster:DISPATCHER: discovered new worker, hpbandster.run_debug_test.worker.kisexe19.34082
INFO:hpbandster:DISPATCHER: discovered new worker, hpbandster.run_debug_test.worker.kisexe21.6623
INFO:hpbandster:DISPATCHER: discovered new worker, hpbandster.run_debug_test.worker.kisexe21.6621
INFO:hpbandster:DISPATCHER: discovered new worker, hpbandster.run_debug_test.worker.kisexe21.6626
INFO:hpbandster:HBMASTER: adjusted queue size to (14, 15)
INFO:hpbandster:DISPATCHER: A new worker triggered discover_worker
INFO:hpbandster:HBMASTER: starting run at 1714650697.4946344
WARNING:hpbandster:job (0, 0, 0) failed with exception
Traceback (most recent call last):
  File "/home/schlagem/miniconda3/envs/pfn/lib/python3.10/site-packages/hpbandster/core/worker.py", line 206, in start_computation
    result = {'result': self.compute(*args, config_id=id, **kwargs),
  File "/work/dlclarge1/schlagem-oswm/PFN-SE/owsm_worker.py", line 31, in compute
    train_result = train(
  File "/work/dlclarge1/schlagem-oswm/PFN-SE/train.py", line 575, in train
    f"pos losses {','.join([('-' if l != l else f'{l:5.2f}') for l in total_positional_losses])}, lr of zeroth group {optimizer.param_groups[0]['lr']}"
TypeError: 'int' object is not iterable

slurmstepd-kisexe25: error: *** JOB 11459740 ON kisexe25 CANCELLED AT 2024-05-02T14:52:08 ***
