cpu-bind=MASK - kisexe10, task  0  0 [11202]: mask 0x1fe000 set
INFO:hpbandster:DISPATCHER: started the 'discover_worker' thread
INFO:hpbandster:DISPATCHER: started the 'job_runner' thread
INFO:hpbandster:DISPATCHER: Pyro daemon running on 10.5.166.120:42973
INFO:hpbandster:DISPATCHER: A new worker triggered discover_worker
INFO:hpbandster:DISPATCHER: A new worker triggered discover_worker
INFO:hpbandster:DISPATCHER: A new worker triggered discover_worker
INFO:hpbandster:DISPATCHER: A new worker triggered discover_worker
INFO:hpbandster:DISPATCHER: A new worker triggered discover_worker
INFO:hpbandster:DISPATCHER: A new worker triggered discover_worker
INFO:hpbandster:DISPATCHER: A new worker triggered discover_worker
INFO:hpbandster:DISPATCHER: A new worker triggered discover_worker
INFO:hpbandster:DISPATCHER: A new worker triggered discover_worker
INFO:hpbandster:DISPATCHER: A new worker triggered discover_worker
INFO:hpbandster:DISPATCHER: A new worker triggered discover_worker
INFO:hpbandster:DISPATCHER: A new worker triggered discover_worker
INFO:hpbandster:DISPATCHER: A new worker triggered discover_worker
INFO:hpbandster:DISPATCHER: A new worker triggered discover_worker
INFO:hpbandster:DISPATCHER: A new worker triggered discover_worker
INFO:hpbandster:DISPATCHER: A new worker triggered discover_worker
INFO:hpbandster:DISPATCHER: A new worker triggered discover_worker
INFO:hpbandster:DISPATCHER: A new worker triggered discover_worker
INFO:hpbandster:DISPATCHER: A new worker triggered discover_worker
INFO:hpbandster:DISPATCHER: A new worker triggered discover_worker
INFO:hpbandster:DISPATCHER: A new worker triggered discover_worker
INFO:hpbandster:DISPATCHER: A new worker triggered discover_worker
INFO:hpbandster:DISPATCHER: A new worker triggered discover_worker
INFO:hpbandster:DISPATCHER: A new worker triggered discover_worker
INFO:hpbandster:DISPATCHER: A new worker triggered discover_worker
INFO:hpbandster:DISPATCHER: A new worker triggered discover_worker
INFO:hpbandster:DISPATCHER: A new worker triggered discover_worker
INFO:hpbandster:DISPATCHER: A new worker triggered discover_worker
INFO:hpbandster:DISPATCHER: A new worker triggered discover_worker
INFO:hpbandster:DISPATCHER: A new worker triggered discover_worker
INFO:hpbandster:DISPATCHER: A new worker triggered discover_worker
INFO:hpbandster:DISPATCHER: A new worker triggered discover_worker
INFO:hpbandster:DISPATCHER: A new worker triggered discover_worker
INFO:hpbandster:DISPATCHER: A new worker triggered discover_worker
INFO:hpbandster:DISPATCHER: A new worker triggered discover_worker
INFO:hpbandster:DISPATCHER: A new worker triggered discover_worker
INFO:hpbandster:DISPATCHER: A new worker triggered discover_worker
INFO:hpbandster:DISPATCHER: A new worker triggered discover_worker
INFO:hpbandster:DISPATCHER: A new worker triggered discover_worker
INFO:hpbandster:DISPATCHER: A new worker triggered discover_worker
INFO:hpbandster:DISPATCHER: A new worker triggered discover_worker
INFO:hpbandster:DISPATCHER: A new worker triggered discover_worker
INFO:hpbandster:DISPATCHER: A new worker triggered discover_worker
INFO:hpbandster:DISPATCHER: A new worker triggered discover_worker
INFO:hpbandster:DISPATCHER: A new worker triggered discover_worker
INFO:hpbandster:DISPATCHER: A new worker triggered discover_worker
INFO:hpbandster:DISPATCHER: A new worker triggered discover_worker
INFO:hpbandster:DISPATCHER: A new worker triggered discover_worker
INFO:hpbandster:DISPATCHER: A new worker triggered discover_worker
INFO:hpbandster:DISPATCHER: A new worker triggered discover_worker
INFO:hpbandster:DISPATCHER: A new worker triggered discover_worker
INFO:hpbandster:DISPATCHER: A new worker triggered discover_worker
INFO:hpbandster:DISPATCHER: A new worker triggered discover_worker
INFO:hpbandster:DISPATCHER: A new worker triggered discover_worker
INFO:hpbandster:DISPATCHER: A new worker triggered discover_worker
INFO:hpbandster:DISPATCHER: A new worker triggered discover_worker
INFO:hpbandster:DISPATCHER: A new worker triggered discover_worker
INFO:hpbandster:DISPATCHER: A new worker triggered discover_worker
INFO:hpbandster:DISPATCHER: A new worker triggered discover_worker
INFO:hpbandster:DISPATCHER: A new worker triggered discover_worker
INFO:hpbandster:DISPATCHER: A new worker triggered discover_worker
INFO:hpbandster:DISPATCHER: A new worker triggered discover_worker
INFO:hpbandster:DISPATCHER: A new worker triggered discover_worker
INFO:hpbandster:DISPATCHER: A new worker triggered discover_worker
INFO:hpbandster:DISPATCHER: A new worker triggered discover_worker
INFO:hpbandster:DISPATCHER: A new worker triggered discover_worker
INFO:hpbandster:DISPATCHER: A new worker triggered discover_worker
INFO:hpbandster:DISPATCHER: A new worker triggered discover_worker
INFO:hpbandster:DISPATCHER: A new worker triggered discover_worker
INFO:hpbandster:DISPATCHER: A new worker triggered discover_worker
INFO:hpbandster:DISPATCHER: A new worker triggered discover_worker
INFO:hpbandster:DISPATCHER: A new worker triggered discover_worker
INFO:hpbandster:DISPATCHER: A new worker triggered discover_worker
INFO:hpbandster:DISPATCHER: A new worker triggered discover_worker
INFO:hpbandster:DISPATCHER: A new worker triggered discover_worker
INFO:hpbandster:DISPATCHER: A new worker triggered discover_worker
INFO:hpbandster:DISPATCHER: A new worker triggered discover_worker
INFO:hpbandster:DISPATCHER: A new worker triggered discover_worker
INFO:hpbandster:DISPATCHER: A new worker triggered discover_worker
INFO:hpbandster:DISPATCHER: A new worker triggered discover_worker
INFO:hpbandster:DISPATCHER: A new worker triggered discover_worker
INFO:hpbandster:DISPATCHER: A new worker triggered discover_worker
INFO:hpbandster:DISPATCHER: A new worker triggered discover_worker
INFO:hpbandster:DISPATCHER: A new worker triggered discover_worker
INFO:hpbandster:DISPATCHER: A new worker triggered discover_worker
INFO:hpbandster:DISPATCHER: A new worker triggered discover_worker
INFO:hpbandster:DISPATCHER: A new worker triggered discover_worker
INFO:hpbandster:DISPATCHER: A new worker triggered discover_worker
INFO:hpbandster:DISPATCHER: A new worker triggered discover_worker
INFO:hpbandster:DISPATCHER: A new worker triggered discover_worker
INFO:hpbandster:DISPATCHER: A new worker triggered discover_worker
INFO:hpbandster:DISPATCHER: A new worker triggered discover_worker
INFO:hpbandster:DISPATCHER: A new worker triggered discover_worker
INFO:hpbandster:DISPATCHER: A new worker triggered discover_worker
INFO:hpbandster:DISPATCHER: A new worker triggered discover_worker
INFO:hpbandster:DISPATCHER: A new worker triggered discover_worker
INFO:hpbandster:DISPATCHER: A new worker triggered discover_worker
INFO:hpbandster:DISPATCHER: A new worker triggered discover_worker
INFO:hpbandster:DISPATCHER: A new worker triggered discover_worker
INFO:hpbandster:DISPATCHER: A new worker triggered discover_worker
INFO:hpbandster:DISPATCHER: A new worker triggered discover_worker
INFO:hpbandster:DISPATCHER: A new worker triggered discover_worker
INFO:hpbandster:DISPATCHER: A new worker triggered discover_worker
INFO:hpbandster:DISPATCHER: A new worker triggered discover_worker
INFO:hpbandster:DISPATCHER: A new worker triggered discover_worker
INFO:hpbandster:DISPATCHER: A new worker triggered discover_worker
INFO:hpbandster:DISPATCHER: A new worker triggered discover_worker
INFO:hpbandster:DISPATCHER: A new worker triggered discover_worker
INFO:hpbandster:DISPATCHER: A new worker triggered discover_worker
INFO:hpbandster:DISPATCHER: A new worker triggered discover_worker
INFO:hpbandster:DISPATCHER: A new worker triggered discover_worker
INFO:hpbandster:DISPATCHER: A new worker triggered discover_worker
INFO:hpbandster:DISPATCHER: A new worker triggered discover_worker
INFO:hpbandster:DISPATCHER: A new worker triggered discover_worker
INFO:hpbandster:DISPATCHER: A new worker triggered discover_worker
INFO:hpbandster:DISPATCHER: A new worker triggered discover_worker
INFO:hpbandster:DISPATCHER: A new worker triggered discover_worker
INFO:hpbandster:DISPATCHER: A new worker triggered discover_worker
INFO:hpbandster:DISPATCHER: A new worker triggered discover_worker
INFO:hpbandster:DISPATCHER: A new worker triggered discover_worker
INFO:hpbandster:DISPATCHER: A new worker triggered discover_worker
INFO:hpbandster:DISPATCHER: A new worker triggered discover_worker
INFO:hpbandster:DISPATCHER: A new worker triggered discover_worker
INFO:hpbandster:DISPATCHER: A new worker triggered discover_worker
INFO:hpbandster:DISPATCHER: A new worker triggered discover_worker
INFO:hpbandster:DISPATCHER: A new worker triggered discover_worker
INFO:hpbandster:DISPATCHER: A new worker triggered discover_worker
INFO:hpbandster:DISPATCHER: A new worker triggered discover_worker
INFO:hpbandster:DISPATCHER: A new worker triggered discover_worker
INFO:hpbandster:DISPATCHER: A new worker triggered discover_worker
INFO:hpbandster:DISPATCHER: A new worker triggered discover_worker
INFO:hpbandster:DISPATCHER: A new worker triggered discover_worker
INFO:hpbandster:DISPATCHER: A new worker triggered discover_worker
INFO:hpbandster:DISPATCHER: A new worker triggered discover_worker
INFO:hpbandster:DISPATCHER: A new worker triggered discover_worker
INFO:hpbandster:DISPATCHER: A new worker triggered discover_worker
INFO:hpbandster:DISPATCHER: A new worker triggered discover_worker
INFO:hpbandster:DISPATCHER: A new worker triggered discover_worker
INFO:hpbandster:DISPATCHER: A new worker triggered discover_worker
INFO:hpbandster:DISPATCHER: A new worker triggered discover_worker
INFO:hpbandster:DISPATCHER: A new worker triggered discover_worker
INFO:hpbandster:DISPATCHER: A new worker triggered discover_worker
INFO:hpbandster:DISPATCHER: A new worker triggered discover_worker
INFO:hpbandster:DISPATCHER: A new worker triggered discover_worker
INFO:hpbandster:DISPATCHER: A new worker triggered discover_worker
INFO:hpbandster:DISPATCHER: A new worker triggered discover_worker
INFO:hpbandster:DISPATCHER: A new worker triggered discover_worker
INFO:hpbandster:DISPATCHER: A new worker triggered discover_worker
INFO:hpbandster:DISPATCHER: A new worker triggered discover_worker
INFO:hpbandster:DISPATCHER: A new worker triggered discover_worker
INFO:hpbandster:DISPATCHER: A new worker triggered discover_worker
INFO:hpbandster:DISPATCHER: A new worker triggered discover_worker
INFO:hpbandster:DISPATCHER: A new worker triggered discover_worker
INFO:hpbandster:DISPATCHER: A new worker triggered discover_worker
INFO:hpbandster:DISPATCHER: A new worker triggered discover_worker
INFO:hpbandster:DISPATCHER: A new worker triggered discover_worker
INFO:hpbandster:DISPATCHER: A new worker triggered discover_worker
INFO:hpbandster:DISPATCHER: A new worker triggered discover_worker
INFO:hpbandster:DISPATCHER: A new worker triggered discover_worker
INFO:hpbandster:DISPATCHER: A new worker triggered discover_worker
INFO:hpbandster:DISPATCHER: A new worker triggered discover_worker
INFO:hpbandster:DISPATCHER: A new worker triggered discover_worker
INFO:hpbandster:DISPATCHER: A new worker triggered discover_worker
INFO:hpbandster:DISPATCHER: A new worker triggered discover_worker
INFO:hpbandster:DISPATCHER: A new worker triggered discover_worker
INFO:hpbandster:DISPATCHER: A new worker triggered discover_worker
INFO:hpbandster:DISPATCHER: A new worker triggered discover_worker
INFO:hpbandster:DISPATCHER: A new worker triggered discover_worker
INFO:hpbandster:DISPATCHER: A new worker triggered discover_worker
INFO:hpbandster:DISPATCHER: A new worker triggered discover_worker
INFO:hpbandster:DISPATCHER: A new worker triggered discover_worker
INFO:hpbandster:DISPATCHER: A new worker triggered discover_worker
INFO:hpbandster:DISPATCHER: A new worker triggered discover_worker
INFO:hpbandster:DISPATCHER: A new worker triggered discover_worker
INFO:hpbandster:DISPATCHER: A new worker triggered discover_worker
INFO:hpbandster:DISPATCHER: A new worker triggered discover_worker
INFO:hpbandster:DISPATCHER: A new worker triggered discover_worker
INFO:hpbandster:DISPATCHER: A new worker triggered discover_worker
INFO:hpbandster:DISPATCHER: A new worker triggered discover_worker
INFO:hpbandster:DISPATCHER: A new worker triggered discover_worker
INFO:hpbandster:DISPATCHER: A new worker triggered discover_worker
INFO:hpbandster:DISPATCHER: A new worker triggered discover_worker
INFO:hpbandster:DISPATCHER: A new worker triggered discover_worker
INFO:hpbandster:DISPATCHER: A new worker triggered discover_worker
INFO:hpbandster:DISPATCHER: A new worker triggered discover_worker
INFO:hpbandster:DISPATCHER: A new worker triggered discover_worker
INFO:hpbandster:DISPATCHER: A new worker triggered discover_worker
INFO:hpbandster:DISPATCHER: A new worker triggered discover_worker
INFO:hpbandster:DISPATCHER: A new worker triggered discover_worker
INFO:hpbandster:DISPATCHER: A new worker triggered discover_worker
INFO:hpbandster:DISPATCHER: A new worker triggered discover_worker
INFO:hpbandster:DISPATCHER: A new worker triggered discover_worker
INFO:hpbandster:DISPATCHER: A new worker triggered discover_worker
INFO:hpbandster:DISPATCHER: A new worker triggered discover_worker
INFO:hpbandster:DISPATCHER: A new worker triggered discover_worker
INFO:hpbandster:DISPATCHER: A new worker triggered discover_worker
INFO:hpbandster:DISPATCHER: A new worker triggered discover_worker
INFO:hpbandster:DISPATCHER: A new worker triggered discover_worker
INFO:hpbandster:DISPATCHER: A new worker triggered discover_worker
INFO:hpbandster:DISPATCHER: A new worker triggered discover_worker
INFO:hpbandster:DISPATCHER: A new worker triggered discover_worker
INFO:hpbandster:DISPATCHER: A new worker triggered discover_worker
INFO:hpbandster:DISPATCHER: A new worker triggered discover_worker
INFO:hpbandster:DISPATCHER: A new worker triggered discover_worker
INFO:hpbandster:DISPATCHER: A new worker triggered discover_worker
INFO:hpbandster:DISPATCHER: A new worker triggered discover_worker
INFO:hpbandster:DISPATCHER: A new worker triggered discover_worker
INFO:hpbandster:DISPATCHER: A new worker triggered discover_worker
INFO:hpbandster:DISPATCHER: A new worker triggered discover_worker
INFO:hpbandster:DISPATCHER: A new worker triggered discover_worker
INFO:hpbandster:DISPATCHER: A new worker triggered discover_worker
INFO:hpbandster:DISPATCHER: A new worker triggered discover_worker
INFO:hpbandster:DISPATCHER: A new worker triggered discover_worker
INFO:hpbandster:DISPATCHER: A new worker triggered discover_worker
INFO:hpbandster:DISPATCHER: A new worker triggered discover_worker
INFO:hpbandster:DISPATCHER: A new worker triggered discover_worker
INFO:hpbandster:DISPATCHER: A new worker triggered discover_worker
INFO:hpbandster:DISPATCHER: A new worker triggered discover_worker
INFO:hpbandster:DISPATCHER: A new worker triggered discover_worker
INFO:hpbandster:DISPATCHER: A new worker triggered discover_worker
INFO:hpbandster:DISPATCHER: A new worker triggered discover_worker
INFO:hpbandster:DISPATCHER: A new worker triggered discover_worker
INFO:hpbandster:DISPATCHER: A new worker triggered discover_worker
INFO:hpbandster:DISPATCHER: A new worker triggered discover_worker
INFO:hpbandster:DISPATCHER: A new worker triggered discover_worker
INFO:hpbandster:DISPATCHER: A new worker triggered discover_worker
INFO:hpbandster:DISPATCHER: A new worker triggered discover_worker
INFO:hpbandster:DISPATCHER: A new worker triggered discover_worker
INFO:hpbandster:DISPATCHER: A new worker triggered discover_worker
INFO:hpbandster:DISPATCHER: A new worker triggered discover_worker
INFO:hpbandster:DISPATCHER: A new worker triggered discover_worker
INFO:hpbandster:DISPATCHER: A new worker triggered discover_worker
INFO:hpbandster:DISPATCHER: A new worker triggered discover_worker
INFO:hpbandster:DISPATCHER: A new worker triggered discover_worker
INFO:hpbandster:DISPATCHER: A new worker triggered discover_worker
INFO:hpbandster:DISPATCHER: A new worker triggered discover_worker
INFO:hpbandster:DISPATCHER: A new worker triggered discover_worker
INFO:hpbandster:DISPATCHER: A new worker triggered discover_worker
INFO:hpbandster:DISPATCHER: A new worker triggered discover_worker
INFO:hpbandster:DISPATCHER: A new worker triggered discover_worker
INFO:hpbandster:DISPATCHER: A new worker triggered discover_worker
INFO:hpbandster:DISPATCHER: A new worker triggered discover_worker
INFO:hpbandster:DISPATCHER: A new worker triggered discover_worker
INFO:hpbandster:DISPATCHER: A new worker triggered discover_worker
INFO:hpbandster:DISPATCHER: A new worker triggered discover_worker
INFO:hpbandster:DISPATCHER: A new worker triggered discover_worker
INFO:hpbandster:DISPATCHER: A new worker triggered discover_worker
INFO:hpbandster:DISPATCHER: A new worker triggered discover_worker
INFO:hpbandster:DISPATCHER: A new worker triggered discover_worker
INFO:hpbandster:DISPATCHER: A new worker triggered discover_worker
INFO:hpbandster:DISPATCHER: A new worker triggered discover_worker
INFO:hpbandster:DISPATCHER: A new worker triggered discover_worker
INFO:hpbandster:DISPATCHER: A new worker triggered discover_worker
INFO:hpbandster:DISPATCHER: A new worker triggered discover_worker
INFO:hpbandster:DISPATCHER: A new worker triggered discover_worker
INFO:hpbandster:DISPATCHER: A new worker triggered discover_worker
INFO:hpbandster:DISPATCHER: A new worker triggered discover_worker
INFO:hpbandster:DISPATCHER: A new worker triggered discover_worker
INFO:hpbandster:DISPATCHER: A new worker triggered discover_worker
INFO:hpbandster:DISPATCHER: A new worker triggered discover_worker
INFO:hpbandster:DISPATCHER: A new worker triggered discover_worker
INFO:hpbandster:DISPATCHER: A new worker triggered discover_worker
INFO:hpbandster:DISPATCHER: A new worker triggered discover_worker
INFO:hpbandster:DISPATCHER: A new worker triggered discover_worker
INFO:hpbandster:DISPATCHER: A new worker triggered discover_worker
INFO:hpbandster:DISPATCHER: A new worker triggered discover_worker
INFO:hpbandster:DISPATCHER: A new worker triggered discover_worker
INFO:hpbandster:DISPATCHER: A new worker triggered discover_worker
INFO:hpbandster:DISPATCHER: A new worker triggered discover_worker
INFO:hpbandster:DISPATCHER: A new worker triggered discover_worker
INFO:hpbandster:DISPATCHER: A new worker triggered discover_worker
INFO:hpbandster:DISPATCHER: A new worker triggered discover_worker
INFO:hpbandster:DISPATCHER: A new worker triggered discover_worker
INFO:hpbandster:DISPATCHER: A new worker triggered discover_worker
INFO:hpbandster:DISPATCHER: A new worker triggered discover_worker
INFO:hpbandster:DISPATCHER: A new worker triggered discover_worker
INFO:hpbandster:DISPATCHER: A new worker triggered discover_worker
INFO:hpbandster:DISPATCHER: A new worker triggered discover_worker
INFO:hpbandster:DISPATCHER: A new worker triggered discover_worker
INFO:hpbandster:DISPATCHER: A new worker triggered discover_worker
INFO:hpbandster:DISPATCHER: A new worker triggered discover_worker
INFO:hpbandster:DISPATCHER: A new worker triggered discover_worker
INFO:hpbandster:DISPATCHER: A new worker triggered discover_worker
INFO:hpbandster:DISPATCHER: A new worker triggered discover_worker
INFO:hpbandster:DISPATCHER: A new worker triggered discover_worker
INFO:hpbandster:DISPATCHER: A new worker triggered discover_worker
INFO:hpbandster:DISPATCHER: A new worker triggered discover_worker
INFO:hpbandster:DISPATCHER: A new worker triggered discover_worker
INFO:hpbandster:DISPATCHER: A new worker triggered discover_worker
INFO:hpbandster:DISPATCHER: A new worker triggered discover_worker
INFO:hpbandster:DISPATCHER: A new worker triggered discover_worker
INFO:hpbandster:DISPATCHER: A new worker triggered discover_worker
INFO:hpbandster:DISPATCHER: A new worker triggered discover_worker
INFO:hpbandster:DISPATCHER: A new worker triggered discover_worker
INFO:hpbandster:DISPATCHER: A new worker triggered discover_worker
INFO:hpbandster:DISPATCHER: A new worker triggered discover_worker
INFO:hpbandster:DISPATCHER: A new worker triggered discover_worker
INFO:hpbandster:DISPATCHER: A new worker triggered discover_worker
INFO:hpbandster:DISPATCHER: A new worker triggered discover_worker
INFO:hpbandster:DISPATCHER: A new worker triggered discover_worker
INFO:hpbandster:DISPATCHER: A new worker triggered discover_worker
INFO:hpbandster:DISPATCHER: A new worker triggered discover_worker
INFO:hpbandster:DISPATCHER: A new worker triggered discover_worker
INFO:hpbandster:DISPATCHER: A new worker triggered discover_worker
INFO:hpbandster:DISPATCHER: A new worker triggered discover_worker
INFO:hpbandster:DISPATCHER: A new worker triggered discover_worker
INFO:hpbandster:DISPATCHER: A new worker triggered discover_worker
INFO:hpbandster:DISPATCHER: A new worker triggered discover_worker
INFO:hpbandster:DISPATCHER: A new worker triggered discover_worker
INFO:hpbandster:DISPATCHER: A new worker triggered discover_worker
INFO:hpbandster:DISPATCHER: A new worker triggered discover_worker
INFO:hpbandster:DISPATCHER: A new worker triggered discover_worker
INFO:hpbandster:DISPATCHER: A new worker triggered discover_worker
slurmstepd-kisexe10: error: *** JOB 11460026 ON kisexe10 CANCELLED AT 2024-05-02T15:57:45 ***
