cpu-bind=MASK - kisexe11, task  0  0 [1806]: mask 0xf000f set
INFO:hpbandster:DISPATCHER: started the 'discover_worker' thread
INFO:hpbandster:DISPATCHER: started the 'job_runner' thread
INFO:hpbandster:DISPATCHER: Pyro daemon running on 10.5.166.121:41407
INFO:hpbandster:DISPATCHER: A new worker triggered discover_worker
INFO:hpbandster:DISPATCHER: A new worker triggered discover_worker
INFO:hpbandster:DISPATCHER: A new worker triggered discover_worker
INFO:hpbandster:DISPATCHER: A new worker triggered discover_worker
INFO:hpbandster:DISPATCHER: A new worker triggered discover_worker
INFO:hpbandster:DISPATCHER: A new worker triggered discover_worker
INFO:hpbandster:DISPATCHER: A new worker triggered discover_worker
INFO:hpbandster:DISPATCHER: A new worker triggered discover_worker
INFO:hpbandster:DISPATCHER: A new worker triggered discover_worker
INFO:hpbandster:DISPATCHER: A new worker triggered discover_worker
INFO:hpbandster:DISPATCHER: A new worker triggered discover_worker
INFO:hpbandster:DISPATCHER: A new worker triggered discover_worker
INFO:hpbandster:DISPATCHER: A new worker triggered discover_worker
INFO:hpbandster:DISPATCHER: A new worker triggered discover_worker
INFO:hpbandster:DISPATCHER: A new worker triggered discover_worker
INFO:hpbandster:DISPATCHER: A new worker triggered discover_worker
INFO:hpbandster:DISPATCHER: A new worker triggered discover_worker
INFO:hpbandster:DISPATCHER: A new worker triggered discover_worker
INFO:hpbandster:DISPATCHER: A new worker triggered discover_worker
INFO:hpbandster:DISPATCHER: A new worker triggered discover_worker
INFO:hpbandster:DISPATCHER: A new worker triggered discover_worker
INFO:hpbandster:DISPATCHER: A new worker triggered discover_worker
INFO:hpbandster:DISPATCHER: A new worker triggered discover_worker
INFO:hpbandster:DISPATCHER: A new worker triggered discover_worker
INFO:hpbandster:DISPATCHER: A new worker triggered discover_worker
INFO:hpbandster:DISPATCHER: A new worker triggered discover_worker
INFO:hpbandster:DISPATCHER: A new worker triggered discover_worker
INFO:hpbandster:DISPATCHER: A new worker triggered discover_worker
INFO:hpbandster:DISPATCHER: A new worker triggered discover_worker
INFO:hpbandster:DISPATCHER: A new worker triggered discover_worker
INFO:hpbandster:DISPATCHER: A new worker triggered discover_worker
INFO:hpbandster:DISPATCHER: A new worker triggered discover_worker
INFO:hpbandster:DISPATCHER: A new worker triggered discover_worker
INFO:hpbandster:DISPATCHER: A new worker triggered discover_worker
INFO:hpbandster:DISPATCHER: A new worker triggered discover_worker
INFO:hpbandster:DISPATCHER: A new worker triggered discover_worker
INFO:hpbandster:DISPATCHER: A new worker triggered discover_worker
INFO:hpbandster:DISPATCHER: A new worker triggered discover_worker
INFO:hpbandster:DISPATCHER: A new worker triggered discover_worker
INFO:hpbandster:DISPATCHER: A new worker triggered discover_worker
INFO:hpbandster:DISPATCHER: A new worker triggered discover_worker
INFO:hpbandster:DISPATCHER: A new worker triggered discover_worker
INFO:hpbandster:DISPATCHER: A new worker triggered discover_worker
INFO:hpbandster:DISPATCHER: A new worker triggered discover_worker
INFO:hpbandster:DISPATCHER: A new worker triggered discover_worker
INFO:hpbandster:DISPATCHER: A new worker triggered discover_worker
INFO:hpbandster:DISPATCHER: A new worker triggered discover_worker
INFO:hpbandster:DISPATCHER: A new worker triggered discover_worker
INFO:hpbandster:DISPATCHER: A new worker triggered discover_worker
INFO:hpbandster:DISPATCHER: A new worker triggered discover_worker
INFO:hpbandster:DISPATCHER: A new worker triggered discover_worker
INFO:hpbandster:DISPATCHER: A new worker triggered discover_worker
INFO:hpbandster:DISPATCHER: A new worker triggered discover_worker
INFO:hpbandster:DISPATCHER: A new worker triggered discover_worker
slurmstepd-kisexe11: error: *** JOB 11460346 ON kisexe11 CANCELLED AT 2024-05-02T16:03:42 ***
