cpu-bind=MASK - kisexe15, task  0  0 [1239]: mask 0xf000f00 set
INFO:hpbandster:DISPATCHER: started the 'discover_worker' thread
INFO:hpbandster:DISPATCHER: started the 'job_runner' thread
INFO:hpbandster:DISPATCHER: Pyro daemon running on 10.5.166.125:39441
INFO:hpbandster:DISPATCHER: A new worker triggered discover_worker
INFO:hpbandster:DISPATCHER: A new worker triggered discover_worker
INFO:hpbandster:DISPATCHER: A new worker triggered discover_worker
INFO:hpbandster:DISPATCHER: A new worker triggered discover_worker
INFO:hpbandster:DISPATCHER: A new worker triggered discover_worker
INFO:hpbandster:DISPATCHER: A new worker triggered discover_worker
INFO:hpbandster:DISPATCHER: A new worker triggered discover_worker
INFO:hpbandster:DISPATCHER: A new worker triggered discover_worker
INFO:hpbandster:DISPATCHER: A new worker triggered discover_worker
INFO:hpbandster:DISPATCHER: A new worker triggered discover_worker
INFO:hpbandster:DISPATCHER: A new worker triggered discover_worker
INFO:hpbandster:DISPATCHER: A new worker triggered discover_worker
INFO:hpbandster:DISPATCHER: A new worker triggered discover_worker
INFO:hpbandster:DISPATCHER: A new worker triggered discover_worker
INFO:hpbandster:DISPATCHER: A new worker triggered discover_worker
INFO:hpbandster:DISPATCHER: A new worker triggered discover_worker
INFO:hpbandster:DISPATCHER: A new worker triggered discover_worker
INFO:hpbandster:DISPATCHER: A new worker triggered discover_worker
INFO:hpbandster:DISPATCHER: A new worker triggered discover_worker
INFO:hpbandster:DISPATCHER: A new worker triggered discover_worker
INFO:hpbandster:DISPATCHER: A new worker triggered discover_worker
INFO:hpbandster:DISPATCHER: A new worker triggered discover_worker
INFO:hpbandster:DISPATCHER: A new worker triggered discover_worker
INFO:hpbandster:DISPATCHER: A new worker triggered discover_worker
INFO:hpbandster:DISPATCHER: A new worker triggered discover_worker
INFO:hpbandster:DISPATCHER: A new worker triggered discover_worker
INFO:hpbandster:DISPATCHER: A new worker triggered discover_worker
INFO:hpbandster:DISPATCHER: A new worker triggered discover_worker
INFO:hpbandster:DISPATCHER: A new worker triggered discover_worker
INFO:hpbandster:DISPATCHER: A new worker triggered discover_worker
INFO:hpbandster:DISPATCHER: A new worker triggered discover_worker
INFO:hpbandster:DISPATCHER: A new worker triggered discover_worker
INFO:hpbandster:DISPATCHER: A new worker triggered discover_worker
INFO:hpbandster:DISPATCHER: A new worker triggered discover_worker
INFO:hpbandster:DISPATCHER: A new worker triggered discover_worker
INFO:hpbandster:DISPATCHER: A new worker triggered discover_worker
INFO:hpbandster:DISPATCHER: A new worker triggered discover_worker
INFO:hpbandster:DISPATCHER: A new worker triggered discover_worker
INFO:hpbandster:DISPATCHER: A new worker triggered discover_worker
INFO:hpbandster:DISPATCHER: A new worker triggered discover_worker
INFO:hpbandster:DISPATCHER: A new worker triggered discover_worker
INFO:hpbandster:DISPATCHER: A new worker triggered discover_worker
INFO:hpbandster:DISPATCHER: A new worker triggered discover_worker
INFO:hpbandster:DISPATCHER: A new worker triggered discover_worker
INFO:hpbandster:DISPATCHER: A new worker triggered discover_worker
INFO:hpbandster:DISPATCHER: A new worker triggered discover_worker
INFO:hpbandster:DISPATCHER: A new worker triggered discover_worker
INFO:hpbandster:DISPATCHER: A new worker triggered discover_worker
INFO:hpbandster:DISPATCHER: A new worker triggered discover_worker
INFO:hpbandster:DISPATCHER: A new worker triggered discover_worker
INFO:hpbandster:DISPATCHER: A new worker triggered discover_worker
INFO:hpbandster:DISPATCHER: A new worker triggered discover_worker
INFO:hpbandster:DISPATCHER: A new worker triggered discover_worker
INFO:hpbandster:DISPATCHER: A new worker triggered discover_worker
INFO:hpbandster:DISPATCHER: A new worker triggered discover_worker
INFO:hpbandster:DISPATCHER: A new worker triggered discover_worker
INFO:hpbandster:DISPATCHER: A new worker triggered discover_worker
INFO:hpbandster:DISPATCHER: A new worker triggered discover_worker
INFO:hpbandster:DISPATCHER: A new worker triggered discover_worker
INFO:hpbandster:DISPATCHER: A new worker triggered discover_worker
INFO:hpbandster:DISPATCHER: A new worker triggered discover_worker
INFO:hpbandster:DISPATCHER: A new worker triggered discover_worker
INFO:hpbandster:DISPATCHER: A new worker triggered discover_worker
INFO:hpbandster:DISPATCHER: A new worker triggered discover_worker
INFO:hpbandster:DISPATCHER: A new worker triggered discover_worker
INFO:hpbandster:DISPATCHER: A new worker triggered discover_worker
INFO:hpbandster:DISPATCHER: A new worker triggered discover_worker
INFO:hpbandster:DISPATCHER: A new worker triggered discover_worker
INFO:hpbandster:DISPATCHER: A new worker triggered discover_worker
INFO:hpbandster:DISPATCHER: A new worker triggered discover_worker
INFO:hpbandster:DISPATCHER: A new worker triggered discover_worker
INFO:hpbandster:DISPATCHER: A new worker triggered discover_worker
INFO:hpbandster:DISPATCHER: A new worker triggered discover_worker
INFO:hpbandster:DISPATCHER: A new worker triggered discover_worker
INFO:hpbandster:DISPATCHER: A new worker triggered discover_worker
INFO:hpbandster:DISPATCHER: A new worker triggered discover_worker
INFO:hpbandster:DISPATCHER: A new worker triggered discover_worker
INFO:hpbandster:DISPATCHER: A new worker triggered discover_worker
INFO:hpbandster:DISPATCHER: A new worker triggered discover_worker
INFO:hpbandster:DISPATCHER: A new worker triggered discover_worker
INFO:hpbandster:DISPATCHER: A new worker triggered discover_worker
INFO:hpbandster:DISPATCHER: A new worker triggered discover_worker
INFO:hpbandster:DISPATCHER: A new worker triggered discover_worker
INFO:hpbandster:DISPATCHER: A new worker triggered discover_worker
INFO:hpbandster:DISPATCHER: A new worker triggered discover_worker
INFO:hpbandster:DISPATCHER: A new worker triggered discover_worker
INFO:hpbandster:DISPATCHER: A new worker triggered discover_worker
INFO:hpbandster:DISPATCHER: A new worker triggered discover_worker
INFO:hpbandster:DISPATCHER: A new worker triggered discover_worker
INFO:hpbandster:DISPATCHER: A new worker triggered discover_worker
INFO:hpbandster:DISPATCHER: A new worker triggered discover_worker
INFO:hpbandster:DISPATCHER: A new worker triggered discover_worker
INFO:hpbandster:DISPATCHER: A new worker triggered discover_worker
INFO:hpbandster:DISPATCHER: A new worker triggered discover_worker
INFO:hpbandster:DISPATCHER: A new worker triggered discover_worker
INFO:hpbandster:DISPATCHER: A new worker triggered discover_worker
INFO:hpbandster:DISPATCHER: A new worker triggered discover_worker
INFO:hpbandster:DISPATCHER: A new worker triggered discover_worker
INFO:hpbandster:DISPATCHER: A new worker triggered discover_worker
INFO:hpbandster:DISPATCHER: A new worker triggered discover_worker
INFO:hpbandster:DISPATCHER: A new worker triggered discover_worker
INFO:hpbandster:DISPATCHER: A new worker triggered discover_worker
INFO:hpbandster:DISPATCHER: A new worker triggered discover_worker
INFO:hpbandster:DISPATCHER: A new worker triggered discover_worker
INFO:hpbandster:DISPATCHER: A new worker triggered discover_worker
INFO:hpbandster:DISPATCHER: A new worker triggered discover_worker
INFO:hpbandster:DISPATCHER: A new worker triggered discover_worker
INFO:hpbandster:DISPATCHER: A new worker triggered discover_worker
INFO:hpbandster:DISPATCHER: A new worker triggered discover_worker
INFO:hpbandster:DISPATCHER: A new worker triggered discover_worker
INFO:hpbandster:DISPATCHER: A new worker triggered discover_worker
INFO:hpbandster:DISPATCHER: A new worker triggered discover_worker
INFO:hpbandster:DISPATCHER: A new worker triggered discover_worker
INFO:hpbandster:DISPATCHER: A new worker triggered discover_worker
INFO:hpbandster:DISPATCHER: A new worker triggered discover_worker
INFO:hpbandster:DISPATCHER: A new worker triggered discover_worker
INFO:hpbandster:DISPATCHER: A new worker triggered discover_worker
INFO:hpbandster:DISPATCHER: A new worker triggered discover_worker
INFO:hpbandster:DISPATCHER: A new worker triggered discover_worker
INFO:hpbandster:DISPATCHER: A new worker triggered discover_worker
INFO:hpbandster:DISPATCHER: A new worker triggered discover_worker
INFO:hpbandster:DISPATCHER: A new worker triggered discover_worker
INFO:hpbandster:DISPATCHER: A new worker triggered discover_worker
INFO:hpbandster:DISPATCHER: A new worker triggered discover_worker
INFO:hpbandster:DISPATCHER: A new worker triggered discover_worker
INFO:hpbandster:DISPATCHER: A new worker triggered discover_worker
INFO:hpbandster:DISPATCHER: A new worker triggered discover_worker
INFO:hpbandster:DISPATCHER: A new worker triggered discover_worker
INFO:hpbandster:DISPATCHER: A new worker triggered discover_worker
INFO:hpbandster:DISPATCHER: A new worker triggered discover_worker
INFO:hpbandster:DISPATCHER: A new worker triggered discover_worker
INFO:hpbandster:DISPATCHER: A new worker triggered discover_worker
INFO:hpbandster:DISPATCHER: A new worker triggered discover_worker
INFO:hpbandster:DISPATCHER: A new worker triggered discover_worker
INFO:hpbandster:DISPATCHER: A new worker triggered discover_worker
INFO:hpbandster:DISPATCHER: A new worker triggered discover_worker
INFO:hpbandster:DISPATCHER: A new worker triggered discover_worker
INFO:hpbandster:DISPATCHER: A new worker triggered discover_worker
INFO:hpbandster:DISPATCHER: A new worker triggered discover_worker
INFO:hpbandster:DISPATCHER: A new worker triggered discover_worker
INFO:hpbandster:DISPATCHER: A new worker triggered discover_worker
INFO:hpbandster:DISPATCHER: A new worker triggered discover_worker
INFO:hpbandster:DISPATCHER: A new worker triggered discover_worker
INFO:hpbandster:DISPATCHER: A new worker triggered discover_worker
INFO:hpbandster:DISPATCHER: A new worker triggered discover_worker
INFO:hpbandster:DISPATCHER: A new worker triggered discover_worker
INFO:hpbandster:DISPATCHER: A new worker triggered discover_worker
INFO:hpbandster:DISPATCHER: A new worker triggered discover_worker
INFO:hpbandster:DISPATCHER: A new worker triggered discover_worker
INFO:hpbandster:DISPATCHER: A new worker triggered discover_worker
INFO:hpbandster:DISPATCHER: A new worker triggered discover_worker
INFO:hpbandster:DISPATCHER: A new worker triggered discover_worker
INFO:hpbandster:DISPATCHER: A new worker triggered discover_worker
INFO:hpbandster:DISPATCHER: A new worker triggered discover_worker
INFO:hpbandster:DISPATCHER: A new worker triggered discover_worker
INFO:hpbandster:DISPATCHER: A new worker triggered discover_worker
INFO:hpbandster:DISPATCHER: A new worker triggered discover_worker
INFO:hpbandster:DISPATCHER: A new worker triggered discover_worker
slurmstepd-kisexe15: error: *** JOB 11460058 ON kisexe15 CANCELLED AT 2024-05-02T15:57:26 ***
